<?xml version="1.0" encoding="UTF-8"?>
<!-- Generated by org.testng.reporters.JUnitReportReporter -->
<testsuite hostname="LAPTOP-V5R1R9D5" failures="0" tests="1" name="com.stroeer.testRunner.StroeerTestRunner" time="53.028" errors="0" timestamp="08 Dec 2022 20:08:06 GMT" skipped="0">
  <testcase classname="com.stroeer.testRunner.StroeerTestRunner" name="feature" time="53.028"/>
</testsuite> <!-- com.stroeer.testRunner.StroeerTestRunner -->
